[debug] [2026-03-26T08:23:32.775Z] ----------------------------------------------------------------------
[debug] [2026-03-26T08:23:32.780Z] Command:       /Users/mustafasyahmi/.nvm/versions/node/v20.19.6/bin/node /Users/mustafasyahmi/.nvm/versions/node/v20.19.6/bin/firebase deploy --only hosting,firestore
[debug] [2026-03-26T08:23:32.780Z] CLI Version:   15.5.1
[debug] [2026-03-26T08:23:32.780Z] Platform:      darwin
[debug] [2026-03-26T08:23:32.780Z] Node Version:  v20.19.6
[debug] [2026-03-26T08:23:32.780Z] Time:          Thu Mar 26 2026 16:23:32 GMT+0800 (Malaysia Time)
[debug] [2026-03-26T08:23:32.781Z] ----------------------------------------------------------------------
[debug] 
[debug] [2026-03-26T08:23:33.624Z] > command requires scopes: ["email","openid","https://www.googleapis.com/auth/cloudplatformprojects.readonly","https://www.googleapis.com/auth/firebase","https://www.googleapis.com/auth/cloud-platform"]
[debug] [2026-03-26T08:23:33.625Z] > authorizing via signed-in user (mussyahmi31@gmail.com)
[debug] [2026-03-26T08:23:33.625Z] [iam] checking project kira-poket for permissions ["datastore.indexes.create","datastore.indexes.delete","datastore.indexes.list","datastore.indexes.update","firebase.projects.get","firebasehosting.sites.update"]
[debug] [2026-03-26T08:23:33.625Z] Checked if tokens are valid: true, expires at: 1774516229256
[debug] [2026-03-26T08:23:33.625Z] Checked if tokens are valid: true, expires at: 1774516229256
[debug] [2026-03-26T08:23:33.626Z] >>> [apiv2][query] POST https://cloudresourcemanager.googleapis.com/v1/projects/kira-poket:testIamPermissions [none]
[debug] [2026-03-26T08:23:33.626Z] >>> [apiv2][(partial)header] POST https://cloudresourcemanager.googleapis.com/v1/projects/kira-poket:testIamPermissions  x-goog-user-project=kira-poket
[debug] [2026-03-26T08:23:33.626Z] >>> [apiv2][body] POST https://cloudresourcemanager.googleapis.com/v1/projects/kira-poket:testIamPermissions {"permissions":["datastore.indexes.create","datastore.indexes.delete","datastore.indexes.list","datastore.indexes.update","firebase.projects.get","firebasehosting.sites.update"]}
[debug] [2026-03-26T08:23:34.852Z] <<< [apiv2][status] POST https://cloudresourcemanager.googleapis.com/v1/projects/kira-poket:testIamPermissions 200
[debug] [2026-03-26T08:23:34.852Z] <<< [apiv2][body] POST https://cloudresourcemanager.googleapis.com/v1/projects/kira-poket:testIamPermissions {"permissions":["datastore.indexes.create","datastore.indexes.delete","datastore.indexes.list","datastore.indexes.update","firebase.projects.get","firebasehosting.sites.update"]}
[debug] [2026-03-26T08:23:34.853Z] Checked if tokens are valid: true, expires at: 1774516229256
[debug] [2026-03-26T08:23:34.853Z] Checked if tokens are valid: true, expires at: 1774516229256
[debug] [2026-03-26T08:23:34.853Z] >>> [apiv2][query] GET https://firebase.googleapis.com/v1beta1/projects/kira-poket [none]
[debug] [2026-03-26T08:23:35.296Z] <<< [apiv2][status] GET https://firebase.googleapis.com/v1beta1/projects/kira-poket 200
[debug] [2026-03-26T08:23:35.296Z] <<< [apiv2][body] GET https://firebase.googleapis.com/v1beta1/projects/kira-poket {"projectId":"kira-poket","projectNumber":"438330924079","displayName":"kira-poket","name":"projects/kira-poket","resources":{"hostingSite":"kira-poket"},"state":"ACTIVE","etag":"1_a6af7d9f-cc00-4edf-b9bc-415a73af43ad"}
[debug] [2026-03-26T08:23:36.432Z] Checked if tokens are valid: true, expires at: 1774516229256
[debug] [2026-03-26T08:23:36.432Z] Checked if tokens are valid: true, expires at: 1774516229256
[debug] [2026-03-26T08:23:36.432Z] >>> [apiv2][query] GET https://firebasehosting.googleapis.com/v1beta1/projects/kira-poket/sites pageToken=&pageSize=10
[debug] [2026-03-26T08:23:37.388Z] <<< [apiv2][status] GET https://firebasehosting.googleapis.com/v1beta1/projects/kira-poket/sites 200
[debug] [2026-03-26T08:23:37.388Z] <<< [apiv2][body] GET https://firebasehosting.googleapis.com/v1beta1/projects/kira-poket/sites {"sites":[{"name":"projects/kira-poket/sites/kira-poket","defaultUrl":"https://kira-poket.web.app","type":"DEFAULT_SITE"},{"name":"projects/kira-poket/sites/kirapoket","defaultUrl":"https://kirapoket.web.app","type":"USER_SITE"}]}
[debug] [2026-03-26T08:23:37.389Z] Checked if tokens are valid: true, expires at: 1774516229256
[debug] [2026-03-26T08:23:37.389Z] Checked if tokens are valid: true, expires at: 1774516229256
[debug] [2026-03-26T08:23:37.389Z] >>> [apiv2][query] GET https://firebasehosting.googleapis.com/v1beta1/projects/kira-poket/sites 
[debug] [2026-03-26T08:23:38.206Z] <<< [apiv2][status] GET https://firebasehosting.googleapis.com/v1beta1/projects/kira-poket/sites 200
[debug] [2026-03-26T08:23:38.206Z] <<< [apiv2][body] GET https://firebasehosting.googleapis.com/v1beta1/projects/kira-poket/sites {"sites":[{"name":"projects/kira-poket/sites/kira-poket","defaultUrl":"https://kira-poket.web.app","type":"DEFAULT_SITE"},{"name":"projects/kira-poket/sites/kirapoket","defaultUrl":"https://kirapoket.web.app","type":"USER_SITE"}]}
[debug] [2026-03-26T08:23:38.206Z] Checked if tokens are valid: true, expires at: 1774516229256
[debug] [2026-03-26T08:23:38.206Z] Checked if tokens are valid: true, expires at: 1774516229256
[debug] [2026-03-26T08:23:38.207Z] >>> [apiv2][query] GET https://firebase.googleapis.com/v1beta1/projects/kira-poket/webApps/-/config [none]
[debug] [2026-03-26T08:23:38.973Z] <<< [apiv2][status] GET https://firebase.googleapis.com/v1beta1/projects/kira-poket/webApps/-/config 200
[debug] [2026-03-26T08:23:38.973Z] <<< [apiv2][body] GET https://firebase.googleapis.com/v1beta1/projects/kira-poket/webApps/-/config {"projectId":"kira-poket","appId":"1:438330924079:web:7a166836929cf12781fada","storageBucket":"kira-poket.firebasestorage.app","apiKey":"AIzaSyDQEQPuHJ9YtEbIZ3eRe_h5QwsC2f08iG8","authDomain":"kira-poket.firebaseapp.com","messagingSenderId":"438330924079","measurementId":"G-HV54BB87D8","projectNumber":"438330924079","version":"2"}
[info] 
   Thank you for trying our early preview of Next.js support on Firebase Hosting.
   During the preview, support is best-effort and breaking changes can be expected. Proceed with caution.
   The integration is known to work with Next.js version 12 - 15.0. You may encounter errors.

   Documentation: https://firebase.google.com/docs/hosting/frameworks/nextjs
   File a bug: https://github.com/firebase/firebase-tools/issues/new?template=bug_report.md
   Submit a feature request: https://github.com/firebase/firebase-tools/issues/new?template=feature_request.md

   We'd love to learn from you. Express your interest in helping us shape the future of Firebase Hosting: https://goo.gle/41enW5X

[debug] [2026-03-26T08:23:41.096Z] Checked if tokens are valid: true, expires at: 1774516229256
[debug] [2026-03-26T08:23:41.096Z] Checked if tokens are valid: true, expires at: 1774516229256
[debug] [2026-03-26T08:23:41.096Z] >>> [apiv2][query] GET https://firebasehosting.googleapis.com/v1beta1/projects/kira-poket/sites/kira-poket [none]
[debug] [2026-03-26T08:23:41.573Z] <<< [apiv2][status] GET https://firebasehosting.googleapis.com/v1beta1/projects/kira-poket/sites/kira-poket 200
[debug] [2026-03-26T08:23:41.573Z] <<< [apiv2][body] GET https://firebasehosting.googleapis.com/v1beta1/projects/kira-poket/sites/kira-poket {"name":"projects/kira-poket/sites/kira-poket","defaultUrl":"https://kira-poket.web.app","type":"DEFAULT_SITE"}
[info] ▲ Next.js 16.2.1 (Turbopack)

[info] - Environments: .env.local


[info]   Creating an optimized production build ...

[info] ⨯ ERROR: This build is using Turbopack, with a `webpack` config and no `turbopack` config.
   This may be a mistake.

   As of Next.js 16 Turbopack is enabled by default and
   custom webpack configurations may need to be migrated to Turbopack.

   NOTE: your `webpack` config may have been added by a configuration plugin.

   To configure Turbopack, see https://nextjs.org/docs/app/api-reference/next-config-js/turbopack

   TIP: Many applications work fine under Turbopack with no configuration,
   if that is the case for you, you can silence this error by passing the
   `--turbopack` or `--webpack` flag explicitly or simply setting an 
   empty turbopack config in your Next config file (e.g. `turbopack: {}`).

[info] 

[info] > Build error occurred

[info] Error: Call retries were exceeded
    at ignore-listed frames {
  type: 'WorkerError'
}

[debug] [2026-03-26T08:23:43.424Z] Error: ENOENT: no such file or directory, open '/Users/mustafasyahmi/development/kirapoket/.next/server/middleware-manifest.json'
[error] 
[error] Error: An unexpected error has occurred.
